Welcome to                                         
    _   __               __   _  __                
   / | / /____ _ __  __ / /_ (_)/ /__  __ _____    
  /  |/ // __ `// / / // __// // // / / // ___/    
 / /|  // /_/ // /_/ // /_ / // // /_/ /(__  )     
/_/ |_/ \__,_/ \__,_/ \__//_//_/ \__,_//____/  
+===============================================+  
 Kyle C. Hale (c) 2014 | Northwestern University   
+===============================================+  

Detected AuthenticAMD Processor
BOOTMEM: Setting up boot memory allocator
BOOTMEM: Memory map[0] - [0x00000000 - 0x0009f000] <usable RAM>
BOOTMEM: Memory map[1] - [0x000a0000 - 0x000a0000] <reserved>
BOOTMEM: Memory map[2] - [0x000f0000 - 0x00100000] <reserved>
BOOTMEM: Memory map[3] - [0x00100000 - 0x7fffe000] <usable RAM>
BOOTMEM: Memory map[4] - [0x7fffe000 - 0x80000000] <reserved>
BOOTMEM: Memory map[5] - [0xfffc0000 - 0x100000000] <reserved>
BOOTMEM: Detected 2147.81216 MB of usable System RAM
ACPI: Parsing ACPI root table (at 0x000f0990)
ACPI: RSDP 00000000000f0990 00014 (v00 BOCHS )
ACPI: RSDT 000000007ffffbc1 00034 (v01 BOCHS  BXPCRSDT 00000001 BXPC 00000001)
ACPI: root table checksum pass
ACPI: FACP 000000007ffff1c0 00074 (v01 BOCHS  BXPCFACP 00000001 BXPC 00000001)
ACPI: SSDT 000000007ffff234 008DD (v01 BOCHS  BXPCSSDT 00000001 BXPC 00000001)
ACPI: APIC 000000007ffffb11 00078 (v01 BOCHS  BXPCAPIC 00000001 BXPC 00000001)
ACPI: HPET 000000007ffffb89 00038 (v01 BOCHS  BXPCHPET 00000001 BXPC 00000001)
ACPI: Done parsing ACPI root table
SMP: Detected 1 CPUs
NUMA: Parsing ACPI NUMA information...
NUMA: DONE.
Remapping phys mem [0x00000000 - 0x100000000] with 2MB pages
CPU 4026589891: KMEM: Malloc configured to support a maximum of: 0x7ff9d000 bytes of physical memory
BOOTMEM: Adding boot memory regions to the kernel memory pool:
BOOTMEM:     [Domain 00 : Region 00] (0.00 MB)
BOOTMEM:     [Domain 00 : Region 01] (2126.512128 MB)
BOOTMEM:     =======
BOOTMEM:     [TOTAL] (2126.512128 MB)
Disabling legacy 8259 PIC
Initializing i8254 PIT
CPU 0: timer: Timers inited
CPU 0: kbd: init
CPU 0: kbd: reset
PCI: Probing PCI bus...
PCI: 0000:00:00.0 8086:1237 (rev 2)
PCI: 0000:00:01.0 8086:7000 (rev 0)
PCI: [0000:01.32902] Multifunction Device detected
PCI: 0000:00:02.0 1013:b8 (rev 0)
PCI: 0000:00:03.0 8086:100e (rev 3)
CPU 0: Scheduler: Initializing scheduler on BSP
BOOTMEM: Reclaiming boot sections and data:
BOOTMEM:     [Boot alloc. page map] (0.264 MB)
BOOTMEM:     [Boot page tables and stack]     (0.4096 MB)
BOOTMEM:     =======
BOOTMEM:     [TOTAL] (2.109704 MB)
SMP: Setting up cross-core IPI event queue
MWAIT not supported
CPU 0: vc: init
CPU 0: vc: List launchedList of VCs
 (space to regenerate)

a : default
b : system-log
c : vc-list
CPU 0: Shell root-shell launched on cpu -1 as 0000000000303000
Nautilus boot thread yielding (indefinitely)
root-shell> tcc_new
Don't understand "tcc_new"
root-shell> tcc_run
int main(){return 1;}
Begin handle_tcc_script ..0..
Begin tcc_new..0....10....20..
 size of table_ident before realloc = 8

 size of table_ident before realloc = 8

 size of table_ident after realloc = 8

 size of table_ident before realloc = 8

 size of table_ident before realloc = 8
